<?xml version="1.0" encoding="UTF-8"?>
<testng-results skipped="0" failed="0" ignored="0" total="2" passed="2">
  <reporter-output>
  </reporter-output>
  <suite name="Default suite" duration-ms="188010" started-at="2020-03-20T19:05:53 IST" finished-at="2020-03-20T19:09:01 IST">
    <groups>
    </groups>
    <test name="Default test" duration-ms="188010" started-at="2020-03-20T19:05:53 IST" finished-at="2020-03-20T19:09:01 IST">
      <class name="com.sit.anchal.test.TestCases">
        <test-method status="PASS" signature="loginTest()[pri:0, instance:com.sit.anchal.test.TestCases@7d0587f1]" name="loginTest" duration-ms="86955" started-at="2020-03-20T19:05:53 IST" finished-at="2020-03-20T19:07:20 IST">
          <reporter-output>
          </reporter-output>
        </test-method> <!-- loginTest -->
        <test-method status="PASS" signature="addBeneficiary()[pri:1, instance:com.sit.anchal.test.TestCases@7d0587f1]" name="addBeneficiary" duration-ms="101021" started-at="2020-03-20T19:07:20 IST" finished-at="2020-03-20T19:09:01 IST">
          <reporter-output>
          </reporter-output>
        </test-method> <!-- addBeneficiary -->
      </class> <!-- com.sit.anchal.test.TestCases -->
    </test> <!-- Default test -->
  </suite> <!-- Default suite -->
</testng-results>
